<?xml version="1.0" encoding="UTF-8"?>
<!-- Generated by org.testng.reporters.JUnitXMLReporter -->
<testsuite ignored="0" hostname="BDC11-L-G35RTN2" failures="0" tests="8" name="Test" time="5.247" errors="0" timestamp="02 Apr 2021 07:02:08 GMT">
  <testcase classname="com.Test.AccenLoginTest" name="@BeforeClass initializeDriver" time="4.9">
    <failure type="org.openqa.selenium.SessionNotCreatedException" message="session not created: This version of ChromeDriver only supports Chrome version 87
Current browser version is 89.0.4389.114 with binary path C:\Program Files\Google\Chrome\Application\chrome.exe
Build info: version: &amp;apos;3.12.0&amp;apos;, revision: &amp;apos;7c6e0b3&amp;apos;, time: &amp;apos;2018-05-08T14:04:26.12Z&amp;apos;
System info: host: &amp;apos;BDC11-L-G35RTN2&amp;apos;, ip: &amp;apos;10.100.74.70&amp;apos;, os.name: &amp;apos;Windows 10&amp;apos;, os.arch: &amp;apos;amd64&amp;apos;, os.version: &amp;apos;10.0&amp;apos;, java.version: &amp;apos;14.0.2&amp;apos;
Driver info: driver.version: ChromeDriver
remote stacktrace: Backtrace:
	Ordinal0 [0x00D4C0C3+3326147]
	Ordinal0 [0x00C30851+2164817]
	Ordinal0 [0x00AB7298+619160]
	Ordinal0 [0x00A31D92+73106]
	Ordinal0 [0x00A2E119+57625]
	Ordinal0 [0x00A2C38A+50058]
	Ordinal0 [0x00A55F3E+220990]
	Ordinal0 [0x00A55CAC+220332]
	Ordinal0 [0x00A5189B+202907]
	Ordinal0 [0x00A33DF4+81396]
	Ordinal0 [0x00A34DEE+85486]
	Ordinal0 [0x00A34D79+85369]
	Ordinal0 [0x00C485DC+2262492]
	GetHandleVerifier [0x00ED2874+1487204]
	GetHandleVerifier [0x00ED23CD+1486013]
	GetHandleVerifier [0x00EDA368+1518680]
	GetHandleVerifier [0x00ED2F4E+1488958]
	Ordinal0 [0x00C3ED0D+2223373]
	Ordinal0 [0x00C4A12B+2269483]
	Ordinal0 [0x00C4A26F+2269807]
	Ordinal0 [0x00C5ECB8+2354360]
	BaseThreadInitThunk [0x75B26359+25]
	RtlGetAppContainerNamedObjectPath [0x778E8944+228]
	RtlGetAppContainerNamedObjectPath [0x778E8914+180]
">
      <![CDATA[org.openqa.selenium.SessionNotCreatedException: session not created: This version of ChromeDriver only supports Chrome version 87
Current browser version is 89.0.4389.114 with binary path C:\Program Files\Google\Chrome\Application\chrome.exe
Build info: version: '3.12.0', revision: '7c6e0b3', time: '2018-05-08T14:04:26.12Z'
System info: host: 'BDC11-L-G35RTN2', ip: '10.100.74.70', os.name: 'Windows 10', os.arch: 'amd64', os.version: '10.0', java.version: '14.0.2'
Driver info: driver.version: ChromeDriver
remote stacktrace: Backtrace:
Ordinal0 [0x00D4C0C3+3326147]
Ordinal0 [0x00C30851+2164817]
Ordinal0 [0x00AB7298+619160]
Ordinal0 [0x00A31D92+73106]
Ordinal0 [0x00A2E119+57625]
Ordinal0 [0x00A2C38A+50058]
Ordinal0 [0x00A55F3E+220990]
Ordinal0 [0x00A55CAC+220332]
Ordinal0 [0x00A5189B+202907]
Ordinal0 [0x00A33DF4+81396]
Ordinal0 [0x00A34DEE+85486]
Ordinal0 [0x00A34D79+85369]
Ordinal0 [0x00C485DC+2262492]
GetHandleVerifier [0x00ED2874+1487204]
GetHandleVerifier [0x00ED23CD+1486013]
GetHandleVerifier [0x00EDA368+1518680]
GetHandleVerifier [0x00ED2F4E+1488958]
Ordinal0 [0x00C3ED0D+2223373]
Ordinal0 [0x00C4A12B+2269483]
Ordinal0 [0x00C4A26F+2269807]
Ordinal0 [0x00C5ECB8+2354360]
BaseThreadInitThunk [0x75B26359+25]
RtlGetAppContainerNamedObjectPath [0x778E8944+228]
RtlGetAppContainerNamedObjectPath [0x778E8914+180]

at org.openqa.selenium.remote.W3CHandshakeResponse.lambda$new$0(W3CHandshakeResponse.java:57)
at org.openqa.selenium.remote.W3CHandshakeResponse.lambda$getResponseFunction$2(W3CHandshakeResponse.java:104)
at org.openqa.selenium.remote.ProtocolHandshake.lambda$createSession$0(ProtocolHandshake.java:123)
at java.base/java.util.stream.ReferencePipeline$3$1.accept(ReferencePipeline.java:195)
at java.base/java.util.Spliterators$ArraySpliterator.tryAdvance(Spliterators.java:958)
at java.base/java.util.stream.ReferencePipeline.forEachWithCancel(ReferencePipeline.java:127)
at java.base/java.util.stream.AbstractPipeline.copyIntoWithCancel(AbstractPipeline.java:502)
at java.base/java.util.stream.AbstractPipeline.copyInto(AbstractPipeline.java:488)
at java.base/java.util.stream.AbstractPipeline.wrapAndCopyInto(AbstractPipeline.java:474)
at java.base/java.util.stream.FindOps$FindOp.evaluateSequential(FindOps.java:150)
at java.base/java.util.stream.AbstractPipeline.evaluate(AbstractPipeline.java:234)
at java.base/java.util.stream.ReferencePipeline.findFirst(ReferencePipeline.java:543)
at org.openqa.selenium.remote.ProtocolHandshake.createSession(ProtocolHandshake.java:126)
at org.openqa.selenium.remote.ProtocolHandshake.createSession(ProtocolHandshake.java:73)
at org.openqa.selenium.remote.HttpCommandExecutor.execute(HttpCommandExecutor.java:136)
at org.openqa.selenium.remote.service.DriverCommandExecutor.execute(DriverCommandExecutor.java:83)
at org.openqa.selenium.remote.RemoteWebDriver.execute(RemoteWebDriver.java:543)
at org.openqa.selenium.remote.RemoteWebDriver.startSession(RemoteWebDriver.java:207)
at org.openqa.selenium.remote.RemoteWebDriver.<init>(RemoteWebDriver.java:130)
at org.openqa.selenium.chrome.ChromeDriver.<init>(ChromeDriver.java:181)
at org.openqa.selenium.chrome.ChromeDriver.<init>(ChromeDriver.java:147)
at com.Utility.BrowserFactory.browserSelection(BrowserFactory.java:55)
at com.Test.AccenLoginTest.initializeDriver(AccenLoginTest.java:48)
... Removed 31 stack frames]]>
    </failure>
  </testcase> <!-- @BeforeClass initializeDriver -->
  <testcase classname="com.Test.AccenLoginTest" name="@BeforeMethod beforeTest" time="0.0">
    <skipped/>
  </testcase> <!-- @BeforeMethod beforeTest -->
  <testcase classname="com.Test.AccenLoginTest" name="@AfterMethod tearDown" time="0.0">
    <skipped/>
  </testcase> <!-- @AfterMethod tearDown -->
  <testcase classname="com.Test.AccenLoginTest" name="@AfterTest closeBrowser" time="0.0">
    <failure type="java.lang.NullPointerException" message="Cannot invoke &amp;quot;org.openqa.selenium.WebDriver.quit()&amp;quot; because &amp;quot;this.driver&amp;quot; is null">
      <![CDATA[java.lang.NullPointerException: Cannot invoke "org.openqa.selenium.WebDriver.quit()" because "this.driver" is null
at com.Test.AccenLoginTest.closeBrowser(AccenLoginTest.java:110)
... Removed 24 stack frames]]>
    </failure>
  </testcase> <!-- @AfterTest closeBrowser -->
  <testcase classname="com.Test.AccenLoginTest" name="login" time="0.0">
    <skipped/>
  </testcase> <!-- login -->
  <testcase classname="com.Test.NewSessionWorkFlow" name="NewSession" time="0.0">
    <skipped/>
  </testcase> <!-- NewSession -->
  <testcase classname="com.Test.RegisterSession" name="RegisterSessionWorkFlow" time="0.0">
    <skipped/>
  </testcase> <!-- RegisterSessionWorkFlow -->
  <testcase classname="com.Test.RegisterSession" name="CancelRegisterSession" time="0.0">
    <skipped/>
  </testcase> <!-- CancelRegisterSession -->
  <testcase classname="com.Test.RegisteredByAdmin" name="RegisteredSession_UpcomingSession" time="0.0">
    <skipped/>
  </testcase> <!-- RegisteredSession_UpcomingSession -->
  <testcase classname="com.Test.RegisteredByAdmin" name="RegisteredByAdminScreen" time="0.0">
    <skipped/>
  </testcase> <!-- RegisteredByAdminScreen -->
  <testcase classname="com.Test.RegisterSession_Location" name="RegisterSessionLocation" time="0.0">
    <skipped/>
  </testcase> <!-- RegisterSessionLocation -->
  <testcase classname="com.Test.RegisterSession_Location" name="CancelRegisterSessionLocation" time="0.0">
    <skipped/>
  </testcase> <!-- CancelRegisterSessionLocation -->
</testsuite> <!-- Test -->
