<!DOCTYPE html PUBLIC "-//W3C//DTD XHTML 1.1//EN" "http://www.w3.org/TR/xhtml11/DTD/xhtml11.dtd">
<html xmlns="http://www.w3.org/1999/xhtml">
<head>
<meta http-equiv="content-type" content="text/html; charset=UTF-8"/>
<title>TestNG Report</title>
<style type="text/css">table {margin-bottom:10px;border-collapse:collapse;empty-cells:show}th,td {border:1px solid #009;padding:.25em .5em}th {vertical-align:bottom}td {vertical-align:top}table a {font-weight:bold}.stripe td {background-color: #E6EBF9}.num {text-align:right}.passedodd td {background-color: #3F3}.passedeven td {background-color: #0A0}.skippedodd td {background-color: #DDD}.skippedeven td {background-color: #CCC}.failedodd td,.attn {background-color: #F33}.failedeven td,.stripe .attn {background-color: #D00}.stacktrace {white-space:pre;font-family:monospace}.totop {font-size:85%;text-align:center;border-bottom:2px solid #000}.invisible {display:none}</style>
</head>
<body>
<table>
<tr><th>Test</th><th># Passed</th><th># Skipped</th><th># Failed</th><th>Time (ms)</th><th>Included Groups</th><th>Excluded Groups</th></tr>
<tr><th colspan="7">Suite</th></tr>
<tr><td><a href="#t0">Test</a></td><td class="num">0</td><td class="num attn">8</td><td class="num">0</td><td class="num">5,247</td><td></td><td></td></tr>
</table>
<table id='summary'><thead><tr><th>Class</th><th>Method</th><th>Start</th><th>Time (ms)</th></tr></thead><tbody><tr><th colspan="4">Suite</th></tr></tbody><tbody id="t0"><tr><th colspan="4">Test &#8212; failed (configuration methods)</th></tr><tr class="failedeven"><td rowspan="2">com.Test.RegisterSession_Location</td><td><a href="#m0">closeBrowser</a></td><td rowspan="1">1617346928441</td><td rowspan="1">0</td></tr><tr class="failedeven"><td><a href="#m1">initializeDriver</a></td><td rowspan="1">1617346923485</td><td rowspan="1">4900</td></tr><tr><th colspan="4">Test &#8212; skipped (configuration methods)</th></tr><tr class="skippedeven"><td rowspan="2">com.Test.RegisterSession_Location</td><td><a href="#m2">beforeTest</a></td><td rowspan="1">1617346928406</td><td rowspan="1">0</td></tr><tr class="skippedeven"><td><a href="#m3">tearDown</a></td><td rowspan="1">1617346928416</td><td rowspan="1">0</td></tr><tr><th colspan="4">Test &#8212; skipped</th></tr><tr class="skippedeven"><td rowspan="8">com.Test.RegisterSession_Location</td><td><a href="#m4">CancelRegisterSession</a></td><td rowspan="1">1617346928426</td><td rowspan="1">0</td></tr><tr class="skippedeven"><td><a href="#m5">CancelRegisterSessionLocation</a></td><td rowspan="1">1617346928438</td><td rowspan="1">0</td></tr><tr class="skippedeven"><td><a href="#m6">NewSession</a></td><td rowspan="1">1617346928420</td><td rowspan="1">0</td></tr><tr class="skippedeven"><td><a href="#m7">RegisterSessionLocation</a></td><td rowspan="1">1617346928433</td><td rowspan="1">0</td></tr><tr class="skippedeven"><td><a href="#m8">RegisterSessionWorkFlow</a></td><td rowspan="1">1617346928424</td><td rowspan="1">0</td></tr><tr class="skippedeven"><td><a href="#m9">RegisteredByAdminScreen</a></td><td rowspan="1">1617346928431</td><td rowspan="1">0</td></tr><tr class="skippedeven"><td><a href="#m10">RegisteredSession_UpcomingSession</a></td><td rowspan="1">1617346928428</td><td rowspan="1">0</td></tr><tr class="skippedeven"><td><a href="#m11">login</a></td><td rowspan="1">1617346928409</td><td rowspan="1">0</td></tr></tbody>
</table>
<h2>Test</h2><h3 id="m0">com.Test.RegisterSession_Location#closeBrowser</h3><table class="result"><tr><th>Exception</th></tr><tr><td><div class="stacktrace">java.lang.NullPointerException: Cannot invoke &quot;org.openqa.selenium.WebDriver.quit()&quot; because &quot;this.driver&quot; is null
	at com.Test.AccenLoginTest.closeBrowser(AccenLoginTest.java:110)
... Removed 24 stack frames</div></td></tr></table><p class="totop"><a href="#summary">back to summary</a></p>
<h3 id="m1">com.Test.RegisterSession_Location#initializeDriver</h3><table class="result"><tr class="param"><th>Parameter #1</th></tr><tr class="param stripe"><td>chrome</td></tr><tr><th>Exception</th></tr><tr><td><div class="stacktrace">org.openqa.selenium.SessionNotCreatedException: session not created: This version of ChromeDriver only supports Chrome version 87
Current browser version is 89.0.4389.114 with binary path C:\Program Files\Google\Chrome\Application\chrome.exe
Build info: version: &apos;3.12.0&apos;, revision: &apos;7c6e0b3&apos;, time: &apos;2018-05-08T14:04:26.12Z&apos;
System info: host: &apos;BDC11-L-G35RTN2&apos;, ip: &apos;10.100.74.70&apos;, os.name: &apos;Windows 10&apos;, os.arch: &apos;amd64&apos;, os.version: &apos;10.0&apos;, java.version: &apos;14.0.2&apos;
Driver info: driver.version: ChromeDriver
remote stacktrace: Backtrace:
	Ordinal0 [0x00D4C0C3+3326147]
	Ordinal0 [0x00C30851+2164817]
	Ordinal0 [0x00AB7298+619160]
	Ordinal0 [0x00A31D92+73106]
	Ordinal0 [0x00A2E119+57625]
	Ordinal0 [0x00A2C38A+50058]
	Ordinal0 [0x00A55F3E+220990]
	Ordinal0 [0x00A55CAC+220332]
	Ordinal0 [0x00A5189B+202907]
	Ordinal0 [0x00A33DF4+81396]
	Ordinal0 [0x00A34DEE+85486]
	Ordinal0 [0x00A34D79+85369]
	Ordinal0 [0x00C485DC+2262492]
	GetHandleVerifier [0x00ED2874+1487204]
	GetHandleVerifier [0x00ED23CD+1486013]
	GetHandleVerifier [0x00EDA368+1518680]
	GetHandleVerifier [0x00ED2F4E+1488958]
	Ordinal0 [0x00C3ED0D+2223373]
	Ordinal0 [0x00C4A12B+2269483]
	Ordinal0 [0x00C4A26F+2269807]
	Ordinal0 [0x00C5ECB8+2354360]
	BaseThreadInitThunk [0x75B26359+25]
	RtlGetAppContainerNamedObjectPath [0x778E8944+228]
	RtlGetAppContainerNamedObjectPath [0x778E8914+180]

	at org.openqa.selenium.remote.W3CHandshakeResponse.lambda$new$0(W3CHandshakeResponse.java:57)
	at org.openqa.selenium.remote.W3CHandshakeResponse.lambda$getResponseFunction$2(W3CHandshakeResponse.java:104)
	at org.openqa.selenium.remote.ProtocolHandshake.lambda$createSession$0(ProtocolHandshake.java:123)
	at java.base/java.util.stream.ReferencePipeline$3$1.accept(ReferencePipeline.java:195)
	at java.base/java.util.Spliterators$ArraySpliterator.tryAdvance(Spliterators.java:958)
	at java.base/java.util.stream.ReferencePipeline.forEachWithCancel(ReferencePipeline.java:127)
	at java.base/java.util.stream.AbstractPipeline.copyIntoWithCancel(AbstractPipeline.java:502)
	at java.base/java.util.stream.AbstractPipeline.copyInto(AbstractPipeline.java:488)
	at java.base/java.util.stream.AbstractPipeline.wrapAndCopyInto(AbstractPipeline.java:474)
	at java.base/java.util.stream.FindOps$FindOp.evaluateSequential(FindOps.java:150)
	at java.base/java.util.stream.AbstractPipeline.evaluate(AbstractPipeline.java:234)
	at java.base/java.util.stream.ReferencePipeline.findFirst(ReferencePipeline.java:543)
	at org.openqa.selenium.remote.ProtocolHandshake.createSession(ProtocolHandshake.java:126)
	at org.openqa.selenium.remote.ProtocolHandshake.createSession(ProtocolHandshake.java:73)
	at org.openqa.selenium.remote.HttpCommandExecutor.execute(HttpCommandExecutor.java:136)
	at org.openqa.selenium.remote.service.DriverCommandExecutor.execute(DriverCommandExecutor.java:83)
	at org.openqa.selenium.remote.RemoteWebDriver.execute(RemoteWebDriver.java:543)
	at org.openqa.selenium.remote.RemoteWebDriver.startSession(RemoteWebDriver.java:207)
	at org.openqa.selenium.remote.RemoteWebDriver.&lt;init&gt;(RemoteWebDriver.java:130)
	at org.openqa.selenium.chrome.ChromeDriver.&lt;init&gt;(ChromeDriver.java:181)
	at org.openqa.selenium.chrome.ChromeDriver.&lt;init&gt;(ChromeDriver.java:147)
	at com.Utility.BrowserFactory.browserSelection(BrowserFactory.java:55)
	at com.Test.AccenLoginTest.initializeDriver(AccenLoginTest.java:48)
... Removed 31 stack frames</div></td></tr></table><p class="totop"><a href="#summary">back to summary</a></p>
<h3 id="m2">com.Test.RegisterSession_Location#beforeTest</h3><table class="result"><tr><th class="invisible"/></tr></table><p class="totop"><a href="#summary">back to summary</a></p>
<h3 id="m3">com.Test.RegisterSession_Location#tearDown</h3><table class="result"><tr><th class="invisible"/></tr></table><p class="totop"><a href="#summary">back to summary</a></p>
<h3 id="m4">com.Test.RegisterSession_Location#CancelRegisterSession</h3><table class="result"><tr><th>Exception</th></tr><tr><td><div class="stacktrace">java.lang.Throwable: Method RegisterSession.CancelRegisterSession()[pri:0, instance:com.Test.RegisterSession_Location@2ddc9a9f] depends on not successfully finished methods
... Removed 18 stack frames</div></td></tr></table><p class="totop"><a href="#summary">back to summary</a></p>
<h3 id="m5">com.Test.RegisterSession_Location#CancelRegisterSessionLocation</h3><table class="result"><tr><th>Exception</th></tr><tr><td><div class="stacktrace">java.lang.Throwable: Method RegisterSession_Location.CancelRegisterSessionLocation()[pri:0, instance:com.Test.RegisterSession_Location@2ddc9a9f] depends on not successfully finished methods
... Removed 18 stack frames</div></td></tr></table><p class="totop"><a href="#summary">back to summary</a></p>
<h3 id="m6">com.Test.RegisterSession_Location#NewSession</h3><table class="result"><tr><th>Exception</th></tr><tr><td><div class="stacktrace">java.lang.Throwable: Method NewSessionWorkFlow.NewSession()[pri:0, instance:com.Test.RegisterSession_Location@2ddc9a9f] depends on not successfully finished methods
... Removed 18 stack frames</div></td></tr></table><p class="totop"><a href="#summary">back to summary</a></p>
<h3 id="m7">com.Test.RegisterSession_Location#RegisterSessionLocation</h3><table class="result"><tr><th>Exception</th></tr><tr><td><div class="stacktrace">java.lang.Throwable: Method RegisterSession_Location.RegisterSessionLocation()[pri:0, instance:com.Test.RegisterSession_Location@2ddc9a9f] depends on not successfully finished methods
... Removed 18 stack frames</div></td></tr></table><p class="totop"><a href="#summary">back to summary</a></p>
<h3 id="m8">com.Test.RegisterSession_Location#RegisterSessionWorkFlow</h3><table class="result"><tr><th>Exception</th></tr><tr><td><div class="stacktrace">java.lang.Throwable: Method RegisterSession.RegisterSessionWorkFlow()[pri:0, instance:com.Test.RegisterSession_Location@2ddc9a9f] depends on not successfully finished methods
... Removed 18 stack frames</div></td></tr></table><p class="totop"><a href="#summary">back to summary</a></p>
<h3 id="m9">com.Test.RegisterSession_Location#RegisteredByAdminScreen</h3><table class="result"><tr><th>Exception</th></tr><tr><td><div class="stacktrace">java.lang.Throwable: Method RegisteredByAdmin.RegisteredByAdminScreen()[pri:0, instance:com.Test.RegisterSession_Location@2ddc9a9f] depends on not successfully finished methods
... Removed 18 stack frames</div></td></tr></table><p class="totop"><a href="#summary">back to summary</a></p>
<h3 id="m10">com.Test.RegisterSession_Location#RegisteredSession_UpcomingSession</h3><table class="result"><tr><th>Exception</th></tr><tr><td><div class="stacktrace">java.lang.Throwable: Method RegisteredByAdmin.RegisteredSession_UpcomingSession()[pri:0, instance:com.Test.RegisterSession_Location@2ddc9a9f] depends on not successfully finished methods
... Removed 18 stack frames</div></td></tr></table><p class="totop"><a href="#summary">back to summary</a></p>
<h3 id="m11">com.Test.RegisterSession_Location#login</h3><table class="result"><tr><th>Exception</th></tr><tr><td><div class="stacktrace">org.openqa.selenium.SessionNotCreatedException: session not created: This version of ChromeDriver only supports Chrome version 87
Current browser version is 89.0.4389.114 with binary path C:\Program Files\Google\Chrome\Application\chrome.exe
Build info: version: &apos;3.12.0&apos;, revision: &apos;7c6e0b3&apos;, time: &apos;2018-05-08T14:04:26.12Z&apos;
System info: host: &apos;BDC11-L-G35RTN2&apos;, ip: &apos;10.100.74.70&apos;, os.name: &apos;Windows 10&apos;, os.arch: &apos;amd64&apos;, os.version: &apos;10.0&apos;, java.version: &apos;14.0.2&apos;
Driver info: driver.version: ChromeDriver
remote stacktrace: Backtrace:
	Ordinal0 [0x00D4C0C3+3326147]
	Ordinal0 [0x00C30851+2164817]
	Ordinal0 [0x00AB7298+619160]
	Ordinal0 [0x00A31D92+73106]
	Ordinal0 [0x00A2E119+57625]
	Ordinal0 [0x00A2C38A+50058]
	Ordinal0 [0x00A55F3E+220990]
	Ordinal0 [0x00A55CAC+220332]
	Ordinal0 [0x00A5189B+202907]
	Ordinal0 [0x00A33DF4+81396]
	Ordinal0 [0x00A34DEE+85486]
	Ordinal0 [0x00A34D79+85369]
	Ordinal0 [0x00C485DC+2262492]
	GetHandleVerifier [0x00ED2874+1487204]
	GetHandleVerifier [0x00ED23CD+1486013]
	GetHandleVerifier [0x00EDA368+1518680]
	GetHandleVerifier [0x00ED2F4E+1488958]
	Ordinal0 [0x00C3ED0D+2223373]
	Ordinal0 [0x00C4A12B+2269483]
	Ordinal0 [0x00C4A26F+2269807]
	Ordinal0 [0x00C5ECB8+2354360]
	BaseThreadInitThunk [0x75B26359+25]
	RtlGetAppContainerNamedObjectPath [0x778E8944+228]
	RtlGetAppContainerNamedObjectPath [0x778E8914+180]

	at org.openqa.selenium.remote.W3CHandshakeResponse.lambda$new$0(W3CHandshakeResponse.java:57)
	at org.openqa.selenium.remote.W3CHandshakeResponse.lambda$getResponseFunction$2(W3CHandshakeResponse.java:104)
	at org.openqa.selenium.remote.ProtocolHandshake.lambda$createSession$0(ProtocolHandshake.java:123)
	at java.base/java.util.stream.ReferencePipeline$3$1.accept(ReferencePipeline.java:195)
	at java.base/java.util.Spliterators$ArraySpliterator.tryAdvance(Spliterators.java:958)
	at java.base/java.util.stream.ReferencePipeline.forEachWithCancel(ReferencePipeline.java:127)
	at java.base/java.util.stream.AbstractPipeline.copyIntoWithCancel(AbstractPipeline.java:502)
	at java.base/java.util.stream.AbstractPipeline.copyInto(AbstractPipeline.java:488)
	at java.base/java.util.stream.AbstractPipeline.wrapAndCopyInto(AbstractPipeline.java:474)
	at java.base/java.util.stream.FindOps$FindOp.evaluateSequential(FindOps.java:150)
	at java.base/java.util.stream.AbstractPipeline.evaluate(AbstractPipeline.java:234)
	at java.base/java.util.stream.ReferencePipeline.findFirst(ReferencePipeline.java:543)
	at org.openqa.selenium.remote.ProtocolHandshake.createSession(ProtocolHandshake.java:126)
	at org.openqa.selenium.remote.ProtocolHandshake.createSession(ProtocolHandshake.java:73)
	at org.openqa.selenium.remote.HttpCommandExecutor.execute(HttpCommandExecutor.java:136)
	at org.openqa.selenium.remote.service.DriverCommandExecutor.execute(DriverCommandExecutor.java:83)
	at org.openqa.selenium.remote.RemoteWebDriver.execute(RemoteWebDriver.java:543)
	at org.openqa.selenium.remote.RemoteWebDriver.startSession(RemoteWebDriver.java:207)
	at org.openqa.selenium.remote.RemoteWebDriver.&lt;init&gt;(RemoteWebDriver.java:130)
	at org.openqa.selenium.chrome.ChromeDriver.&lt;init&gt;(ChromeDriver.java:181)
	at org.openqa.selenium.chrome.ChromeDriver.&lt;init&gt;(ChromeDriver.java:147)
	at com.Utility.BrowserFactory.browserSelection(BrowserFactory.java:55)
	at com.Test.AccenLoginTest.initializeDriver(AccenLoginTest.java:48)
... Removed 31 stack frames</div></td></tr></table><p class="totop"><a href="#summary">back to summary</a></p>
</body>
</html>
